SF:/home/v_raton/git/personal/fanaticjs/src/eventBus/index.ts
FN:34,<instance_members_initializer>
FN:38,ConnectionProvider
FN:45,ConnectionProvider.isConnectionAlive
FN:56,create
FN:72,<instance_members_initializer>
FN:90,EventBusService
FN:114,subscribe
FN:123,unsubscribe
FN:127,connect
FN:217,isConnectionAlive
FN:229,isChannelHealthy
FN:241,ensureChannel
FN:306,handleChannelReconnect
FN:403,handleConnectionReconnect
FN:462,createQueueInternal
FN:495,createQueue
FN:500,consume
FN:579,publish
FN:602,close
FNDA:2,<instance_members_initializer>
FNDA:2,ConnectionProvider
FNDA:1,ConnectionProvider.isConnectionAlive
FNDA:3,create
FNDA:43,<instance_members_initializer>
FNDA:43,EventBusService
FNDA:18,subscribe
FNDA:1,unsubscribe
FNDA:38,connect
FNDA:0,isConnectionAlive
FNDA:52,isChannelHealthy
FNDA:52,ensureChannel
FNDA:0,handleChannelReconnect
FNDA:0,handleConnectionReconnect
FNDA:38,createQueueInternal
FNDA:38,createQueue
FNDA:17,consume
FNDA:35,publish
FNDA:43,close
FNF:19
FNH:16
BRDA:47,3,0,0
BRDA:49,3,1,0
BRDA:50,3,2,0
BRDA:52,3,3,0
BRDA:57,4,0,1
BRDA:57,4,1,1
BRDA:59,4,2,2
BRDA:115,7,0,0
BRDA:136,9,0,23
BRDA:139,9,1,0
BRDA:182,9,2,2
BRDA:157,11,0,0
BRDA:194,13,0,0
BRDA:205,14,0,0
BRDA:231,16,0,0
BRDA:233,16,1,0
BRDA:234,16,2,0
BRDA:236,16,3,0
BRDA:245,17,0,0
BRDA:262,17,1,0
BRDA:496,23,0,0
BRDA:505,25,0,48
BRDA:505,25,1,13
BRDA:505,25,2,39
BRDA:513,25,3,31
BRDA:525,25,4,39
BRDA:533,25,5,4
BRDA:534,25,6,0
BRDA:562,25,7,35
BRDA:566,25,8,0
BRDA:593,28,0,0
BRDA:604,29,0,38
BRDA:604,29,1,17
BRDA:608,29,2,0
BRDA:614,29,3,38
BRDA:620,29,4,0
BRDA:626,29,5,42
BRDA:626,29,6,2
BRDA:632,29,7,0
BRF:39
BRH:17
DA:3,8
DA:4,8
DA:5,8
DA:7,8
DA:8,8
DA:28,8
DA:31,8
DA:34,8
DA:35,10
DA:36,10
DA:38,10
DA:39,22
DA:40,10
DA:41,10
DA:42,36
DA:43,12
DA:45,20
DA:46,13
DA:47,0
DA:48,13
DA:49,0
DA:50,0
DA:51,13
DA:52,0
DA:53,0
DA:54,0
DA:55,12
DA:56,8
DA:57,11
DA:58,12
DA:59,12
DA:61,13
DA:62,13
DA:63,39
DA:64,13
DA:65,13
DA:66,13
DA:67,13
DA:68,13
DA:69,11
DA:70,8
DA:72,8
DA:73,51
DA:74,51
DA:75,51
DA:76,51
DA:77,51
DA:78,51
DA:79,51
DA:80,51
DA:81,51
DA:82,51
DA:83,51
DA:84,51
DA:85,51
DA:86,51
DA:87,51
DA:88,8
DA:90,8
DA:91,59
DA:92,59
DA:93,59
DA:94,59
DA:95,8
DA:96,8
DA:97,8
DA:98,8
DA:99,8
DA:100,8
DA:101,51
DA:102,51
DA:103,51
DA:104,51
DA:105,51
DA:106,51
DA:107,51
DA:108,153
DA:109,51
DA:110,51
DA:111,51
DA:112,51
DA:114,8
DA:115,0
DA:116,0
DA:117,0
DA:118,26
DA:119,26
DA:120,26
DA:121,26
DA:123,8
DA:124,9
DA:125,9
DA:127,8
DA:128,8
DA:129,8
DA:130,8
DA:131,8
DA:132,8
DA:133,46
DA:134,46
DA:135,46
DA:136,46
DA:137,69
DA:138,69
DA:139,0
DA:140,0
DA:141,0
DA:142,46
DA:145,0
DA:146,0
DA:147,0
DA:148,0
DA:149,0
DA:150,0
DA:151,0
DA:153,46
DA:154,84
DA:155,84
DA:156,84
DA:157,0
DA:158,0
DA:159,0
DA:160,0
DA:161,46
DA:164,46
DA:165,46
DA:166,46
DA:169,46
DA:170,46
DA:171,46
DA:174,46
DA:175,46
DA:176,46
DA:179,46
DA:182,46
DA:184,0
DA:185,0
DA:186,0
DA:187,0
DA:188,0
DA:189,0
DA:190,0
DA:192,48
DA:193,50
DA:194,0
DA:195,0
DA:196,0
DA:197,48
DA:199,48
DA:200,50
DA:201,50
DA:202,50
DA:203,50
DA:205,0
DA:206,0
DA:207,0
DA:208,0
DA:209,48
DA:210,48
DA:213,46
DA:214,46
DA:215,46
DA:217,0
DA:218,0
DA:219,0
DA:220,0
DA:221,0
DA:222,0
DA:223,0
DA:224,0
DA:225,0
DA:226,0
DA:227,0
DA:229,8
DA:230,60
DA:231,0
DA:232,60
DA:233,0
DA:234,0
DA:235,60
DA:236,0
DA:237,0
DA:238,0
DA:239,60
DA:241,8
DA:243,60
DA:244,60
DA:245,60
DA:247,0
DA:250,0
DA:251,0
DA:252,0
DA:253,0
DA:254,0
DA:255,0
DA:256,0
DA:258,0
DA:259,0
DA:262,0
DA:263,0
DA:264,0
DA:267,0
DA:270,0
DA:271,0
DA:272,0
DA:273,0
DA:274,0
DA:275,0
DA:276,0
DA:278,0
DA:279,0
DA:280,0
DA:281,0
DA:282,0
DA:283,0
DA:284,0
DA:285,0
DA:286,0
DA:289,0
DA:290,0
DA:291,0
DA:292,0
DA:293,0
DA:294,0
DA:295,0
DA:296,0
DA:297,0
DA:300,0
DA:302,0
DA:303,0
DA:304,0
DA:306,0
DA:307,0
DA:308,0
DA:309,0
DA:311,0
DA:312,0
DA:314,0
DA:315,0
DA:316,0
DA:318,0
DA:319,0
DA:321,0
DA:322,0
DA:324,0
DA:325,0
DA:326,0
DA:327,0
DA:330,0
DA:332,0
DA:334,0
DA:335,0
DA:336,0
DA:337,0
DA:340,0
DA:341,0
DA:342,0
DA:344,0
DA:345,0
DA:348,0
DA:349,0
DA:350,0
DA:351,0
DA:353,0
DA:354,0
DA:355,0
DA:356,0
DA:358,0
DA:359,0
DA:360,0
DA:362,0
DA:363,0
DA:364,0
DA:365,0
DA:366,0
DA:367,0
DA:368,0
DA:371,0
DA:372,0
DA:373,0
DA:374,0
DA:375,0
DA:376,0
DA:377,0
DA:379,0
DA:380,0
DA:381,0
DA:382,0
DA:385,0
DA:386,0
DA:387,0
DA:389,0
DA:390,0
DA:392,0
DA:393,0
DA:394,0
DA:395,0
DA:396,0
DA:397,0
DA:399,0
DA:400,0
DA:401,0
DA:403,0
DA:404,0
DA:405,0
DA:406,0
DA:408,0
DA:409,0
DA:411,0
DA:412,0
DA:413,0
DA:415,0
DA:416,0
DA:418,0
DA:419,0
DA:421,0
DA:422,0
DA:423,0
DA:424,0
DA:427,0
DA:429,0
DA:430,0
DA:431,0
DA:432,0
DA:434,0
DA:435,0
DA:436,0
DA:437,0
DA:439,0
DA:440,0
DA:441,0
DA:442,0
DA:443,0
DA:444,0
DA:448,0
DA:449,0
DA:450,0
DA:451,0
DA:453,0
DA:454,0
DA:455,0
DA:456,0
DA:458,0
DA:459,0
DA:460,0
DA:462,8
DA:464,46
DA:465,46
DA:466,46
DA:467,46
DA:468,46
DA:471,46
DA:472,46
DA:473,46
DA:474,46
DA:475,46
DA:476,46
DA:477,46
DA:478,46
DA:479,46
DA:480,46
DA:483,46
DA:484,46
DA:485,46
DA:486,46
DA:487,46
DA:488,46
DA:489,46
DA:492,46
DA:493,46
DA:495,8
DA:496,0
DA:497,46
DA:498,46
DA:500,8
DA:502,25
DA:504,25
DA:505,77
DA:507,164
DA:508,164
DA:509,164
DA:512,164
DA:513,77
DA:514,77
DA:517,77
DA:520,77
DA:521,77
DA:522,77
DA:524,77
DA:525,77
DA:529,116
DA:530,116
DA:533,77
DA:534,0
DA:536,0
DA:537,0
DA:538,0
DA:540,0
DA:541,0
DA:543,81
DA:544,81
DA:545,81
DA:547,81
DA:548,81
DA:549,81
DA:550,81
DA:551,81
DA:552,81
DA:554,81
DA:555,81
DA:556,81
DA:557,81
DA:558,324
DA:560,81
DA:561,81
DA:562,77
DA:563,112
DA:564,112
DA:565,112
DA:566,0
DA:567,0
DA:568,0
DA:569,0
DA:572,0
DA:573,0
DA:574,25
DA:576,25
DA:577,25
DA:579,8
DA:580,43
DA:582,43
DA:583,43
DA:584,43
DA:585,43
DA:586,43
DA:587,43
DA:588,43
DA:589,43
DA:590,43
DA:591,43
DA:592,43
DA:593,0
DA:594,0
DA:595,0
DA:596,0
DA:598,0
DA:599,0
DA:600,43
DA:602,8
DA:604,51
DA:605,68
DA:606,68
DA:607,68
DA:608,0
DA:609,0
DA:610,0
DA:611,68
DA:614,51
DA:615,89
DA:617,89
DA:618,89
DA:619,89
DA:620,0
DA:621,0
DA:622,0
DA:623,89
DA:626,51
DA:627,53
DA:629,53
DA:630,53
DA:631,53
DA:632,0
DA:633,0
DA:634,0
DA:635,53
DA:636,51
DA:637,8
LH:238
LF:477
end_of_record
SF:/home/v_raton/git/personal/fanaticjs/test/e2e/helpers.ts
FN:17,connectToRabbitMQ
FN:22,waitForRabbitMQ
FN:35,createExchangeName
FN:39,createQueueName
FN:43,sleep
FN:47,waitForMessage
FN:63,waitForMessages
FN:79,cleanupService
FN:83,cleanupServices
FN:89,cleanupExchange
FN:96,cleanupQueue
FN:103,cleanupExchangeAndQueues
FN:120,createChannelSafely
FN:126,cleanupWithGrace
FN:149,createProducer
FN:171,createConsumer
FN:200,createTestData
FN:208,encodeTestData
FN:212,decodeTestData
FN:222,createRetryTracker
FN:226,createRetryHandler
FN:230,handler
FN:240,killChannel
FNDA:19,connectToRabbitMQ
FNDA:19,waitForRabbitMQ
FNDA:19,createExchangeName
FNDA:29,createQueueName
FNDA:46,sleep
FNDA:2,waitForMessage
FNDA:1,waitForMessages
FNDA:35,cleanupService
FNDA:17,cleanupServices
FNDA:17,cleanupExchange
FNDA:93,cleanupQueue
FNDA:17,cleanupExchangeAndQueues
FNDA:17,createChannelSafely
FNDA:17,cleanupWithGrace
FNDA:13,createProducer
FNDA:16,createConsumer
FNDA:35,createTestData
FNDA:35,encodeTestData
FNDA:3,decodeTestData
FNDA:5,createRetryTracker
FNDA:1,createRetryHandler
FNDA:3,handler
FNDA:1,killChannel
FNF:23
FNH:23
BRDA:28,2,0,0
BRDA:31,2,1,0
BRDA:52,6,0,4
BRDA:54,6,1,2
BRDA:54,6,2,2
BRDA:59,6,3,0
BRDA:73,7,0,0
BRDA:111,13,0,31
BRDA:157,17,0,4
BRDA:202,19,0,18
BRDA:232,24,0,1
BRF:11
BRH:7
DA:1,6
DA:2,6
DA:3,6
DA:4,6
DA:6,6
DA:8,6
DA:10,6
DA:11,6
DA:12,6
DA:13,6
DA:14,6
DA:15,6
DA:17,6
DA:18,25
DA:19,25
DA:20,25
DA:22,6
DA:23,25
DA:24,25
DA:25,25
DA:26,25
DA:27,25
DA:28,0
DA:29,0
DA:30,0
DA:31,25
DA:32,0
DA:33,25
DA:35,6
DA:36,25
DA:37,25
DA:39,6
DA:40,35
DA:41,35
DA:43,6
DA:44,52
DA:45,52
DA:47,6
DA:48,6
DA:49,6
DA:51,8
DA:52,8
DA:53,12
DA:54,12
DA:55,14
DA:56,14
DA:57,14
DA:58,14
DA:59,14
DA:60,0
DA:61,8
DA:63,6
DA:64,6
DA:65,6
DA:66,6
DA:68,7
DA:69,7
DA:70,7
DA:71,7
DA:72,7
DA:73,7
DA:74,0
DA:75,0
DA:76,0
DA:77,7
DA:79,6
DA:80,41
DA:81,41
DA:83,6
DA:84,23
DA:85,23
DA:87,23
DA:89,6
DA:90,6
DA:91,6
DA:93,23
DA:94,23
DA:96,6
DA:97,6
DA:98,6
DA:100,99
DA:101,99
DA:103,6
DA:104,6
DA:105,6
DA:106,6
DA:108,23
DA:110,23
DA:111,23
DA:112,54
DA:113,54
DA:115,23
DA:116,23
DA:118,23
DA:120,6
DA:121,6
DA:123,23
DA:124,23
DA:126,6
DA:127,6
DA:128,6
DA:129,6
DA:130,6
DA:132,23
DA:133,23
DA:134,23
DA:135,23
DA:136,23
DA:137,23
DA:138,23
DA:139,23
DA:140,23
DA:142,23
DA:143,23
DA:145,23
DA:146,23
DA:147,23
DA:149,6
DA:150,6
DA:151,6
DA:152,6
DA:153,6
DA:154,6
DA:156,19
DA:157,19
DA:158,19
DA:159,19
DA:160,19
DA:161,19
DA:162,19
DA:163,19
DA:164,19
DA:165,19
DA:167,19
DA:168,19
DA:169,19
DA:171,6
DA:172,6
DA:173,6
DA:174,6
DA:175,6
DA:176,6
DA:178,22
DA:179,22
DA:180,22
DA:181,22
DA:182,22
DA:183,22
DA:184,22
DA:185,22
DA:186,22
DA:187,22
DA:188,22
DA:190,22
DA:191,22
DA:192,22
DA:200,6
DA:201,41
DA:202,41
DA:203,41
DA:204,41
DA:205,41
DA:206,41
DA:208,6
DA:209,41
DA:210,41
DA:212,6
DA:213,9
DA:214,9
DA:222,6
DA:223,44
DA:224,11
DA:226,6
DA:227,6
DA:228,6
DA:230,7
DA:231,10
DA:232,10
DA:233,11
DA:234,11
DA:235,11
DA:236,10
DA:237,7
DA:238,7
DA:240,6
DA:241,7
DA:242,7
DA:243,7
LH:180
LF:188
end_of_record
